Info: *******************************************************************
Info: Running Quartus Prime Analysis & Synthesis
    Info: Version 20.1.0 Build 711 06/05/2020 SJ Standard Edition
    Info: Copyright (C) 2020  Intel Corporation. All rights reserved.
    Info: Your use of Intel Corporation's design tools, logic functions 
    Info: and other software and tools, and any partner logic 
    Info: functions, and any output files from any of the foregoing 
    Info: (including device programming or simulation files), and any 
    Info: associated documentation or information are expressly subject 
    Info: to the terms and conditions of the Intel Program License 
    Info: Subscription Agreement, the Intel Quartus Prime License Agreement,
    Info: the Intel FPGA IP License Agreement, or other applicable license
    Info: agreement, including, without limitation, that your use is for
    Info: the sole purpose of programming logic devices manufactured by
    Info: Intel and sold by Intel or its authorized distributors.  Please
    Info: refer to the applicable agreement for further details, at
    Info: https://fpgasoftware.intel.com/eula.
    Info: Processing started: Wed Apr 21 11:10:31 2021
Info: Command: quartus_map --read_settings_files=on --write_settings_files=off toolflow -c toolflow
Info (125068): Revision "toolflow" was previously opened in Quartus II software version 18.0.0 Standard Edition. Created Quartus Prime Default Settings File U:/CprE381/temp/cpre381-toolflow/cpre381-toolflow-configSupport/internal/QuartusWork/toolflow_assignment_defaults.qdf, which contains the default assignment setting information from Quartus II software version 18.0.0 Standard Edition.
Info (125069): Default assignment values were changed in the current version of the Quartus Prime software -- changes to default assignments values are contained in file c:/intelfpga/20.1/quartus/bin64/assignment_defaults.qdf
Warning (18236): Number of processors has not been specified which may cause overloading on shared machines.  Set the global assignment NUM_PARALLEL_PROCESSORS in your QSF to an appropriate value for best performance.
Info (20030): Parallel compilation is enabled and will use 4 of the 4 processors detected
Info (12021): Found 2 design units, including 1 entities, in source file /cpre381/temp/cpre381-toolflow/cpre381-toolflow-configsupport/src/mips_processor.vhd
    Info (12022): Found design unit 1: MIPS_Processor-structure File: U:/CprE381/temp/cpre381-toolflow/cpre381-toolflow-configSupport/src/MIPS_Processor.vhd Line: 33
    Info (12023): Found entity 1: MIPS_Processor File: U:/CprE381/temp/cpre381-toolflow/cpre381-toolflow-configSupport/src/MIPS_Processor.vhd Line: 21
Info (12021): Found 2 design units, including 1 entities, in source file /cpre381/temp/cpre381-toolflow/cpre381-toolflow-configsupport/src/addc.vhd
    Info (12022): Found design unit 1: addC-behavior File: U:/CprE381/temp/cpre381-toolflow/cpre381-toolflow-configSupport/src/addC.vhd Line: 14
    Info (12023): Found entity 1: addC File: U:/CprE381/temp/cpre381-toolflow/cpre381-toolflow-configSupport/src/addC.vhd Line: 5
Info (12021): Found 2 design units, including 1 entities, in source file /cpre381/temp/cpre381-toolflow/cpre381-toolflow-configsupport/src/addv.vhd
    Info (12022): Found design unit 1: addV-behavior File: U:/CprE381/temp/cpre381-toolflow/cpre381-toolflow-configSupport/src/addV.vhd Line: 13
    Info (12023): Found entity 1: addV File: U:/CprE381/temp/cpre381-toolflow/cpre381-toolflow-configSupport/src/addV.vhd Line: 4
Info (12021): Found 2 design units, including 1 entities, in source file /cpre381/temp/cpre381-toolflow/cpre381-toolflow-configsupport/src/addsub.vhd
    Info (12022): Found design unit 1: AddSub-structural File: U:/CprE381/temp/cpre381-toolflow/cpre381-toolflow-configSupport/src/addsub.vhd Line: 14
    Info (12023): Found entity 1: AddSub File: U:/CprE381/temp/cpre381-toolflow/cpre381-toolflow-configSupport/src/addsub.vhd Line: 4
Info (12021): Found 2 design units, including 1 entities, in source file /cpre381/temp/cpre381-toolflow/cpre381-toolflow-configsupport/src/alumux.vhd
    Info (12022): Found design unit 1: aluMux-behavior File: U:/CprE381/temp/cpre381-toolflow/cpre381-toolflow-configSupport/src/aluMux.vhd Line: 10
    Info (12023): Found entity 1: aluMux File: U:/CprE381/temp/cpre381-toolflow/cpre381-toolflow-configSupport/src/aluMux.vhd Line: 4
Info (12021): Found 2 design units, including 1 entities, in source file /cpre381/temp/cpre381-toolflow/cpre381-toolflow-configsupport/src/alu_control.vhd
    Info (12022): Found design unit 1: alu_control-behavior File: U:/CprE381/temp/cpre381-toolflow/cpre381-toolflow-configSupport/src/alu_control.vhd Line: 13
    Info (12023): Found entity 1: alu_control File: U:/CprE381/temp/cpre381-toolflow/cpre381-toolflow-configSupport/src/alu_control.vhd Line: 4
Info (12021): Found 2 design units, including 1 entities, in source file /cpre381/temp/cpre381-toolflow/cpre381-toolflow-configsupport/src/alu_main.vhd
    Info (12022): Found design unit 1: ALU_main-mixed File: U:/CprE381/temp/cpre381-toolflow/cpre381-toolflow-configSupport/src/alu_main.vhd Line: 21
    Info (12023): Found entity 1: ALU_main File: U:/CprE381/temp/cpre381-toolflow/cpre381-toolflow-configSupport/src/alu_main.vhd Line: 7
Info (12021): Found 2 design units, including 1 entities, in source file /cpre381/temp/cpre381-toolflow/cpre381-toolflow-configsupport/src/andg2.vhd
    Info (12022): Found design unit 1: andg2-dataflow File: U:/CprE381/temp/cpre381-toolflow/cpre381-toolflow-configSupport/src/andg2.vhd Line: 31
    Info (12023): Found entity 1: andg2 File: U:/CprE381/temp/cpre381-toolflow/cpre381-toolflow-configSupport/src/andg2.vhd Line: 23
Info (12021): Found 2 design units, including 1 entities, in source file /cpre381/temp/cpre381-toolflow/cpre381-toolflow-configsupport/src/andg32.vhd
    Info (12022): Found design unit 1: andg32-dataflow File: U:/CprE381/temp/cpre381-toolflow/cpre381-toolflow-configSupport/src/andg32.vhd Line: 12
    Info (12023): Found entity 1: andg32 File: U:/CprE381/temp/cpre381-toolflow/cpre381-toolflow-configSupport/src/andg32.vhd Line: 4
Info (12021): Found 2 design units, including 1 entities, in source file /cpre381/temp/cpre381-toolflow/cpre381-toolflow-configsupport/src/ctrl_main.vhd
    Info (12022): Found design unit 1: ctrl_main-instruction File: U:/CprE381/temp/cpre381-toolflow/cpre381-toolflow-configSupport/src/ctrl_main.vhd Line: 21
    Info (12023): Found entity 1: ctrl_main File: U:/CprE381/temp/cpre381-toolflow/cpre381-toolflow-configSupport/src/ctrl_main.vhd Line: 4
Info (12021): Found 2 design units, including 1 entities, in source file /cpre381/temp/cpre381-toolflow/cpre381-toolflow-configsupport/src/decoder_5t32.vhd
    Info (12022): Found design unit 1: decoder_5t32-arch File: U:/CprE381/temp/cpre381-toolflow/cpre381-toolflow-configSupport/src/decoder_5t32.vhd Line: 24
    Info (12023): Found entity 1: decoder_5t32 File: U:/CprE381/temp/cpre381-toolflow/cpre381-toolflow-configSupport/src/decoder_5t32.vhd Line: 18
Info (12021): Found 2 design units, including 1 entities, in source file /cpre381/temp/cpre381-toolflow/cpre381-toolflow-configsupport/src/dffg.vhd
    Info (12022): Found design unit 1: dffg-mixed File: U:/CprE381/temp/cpre381-toolflow/cpre381-toolflow-configSupport/src/dffg.vhd Line: 33
    Info (12023): Found entity 1: dffg File: U:/CprE381/temp/cpre381-toolflow/cpre381-toolflow-configSupport/src/dffg.vhd Line: 23
Info (12021): Found 2 design units, including 1 entities, in source file /cpre381/temp/cpre381-toolflow/cpre381-toolflow-configsupport/src/fadder.vhd
    Info (12022): Found design unit 1: fadder-structure File: U:/CprE381/temp/cpre381-toolflow/cpre381-toolflow-configSupport/src/fadder.vhd Line: 13
    Info (12023): Found entity 1: fadder File: U:/CprE381/temp/cpre381-toolflow/cpre381-toolflow-configSupport/src/fadder.vhd Line: 4
Info (12021): Found 2 design units, including 1 entities, in source file /cpre381/temp/cpre381-toolflow/cpre381-toolflow-configsupport/src/faddern.vhd
    Info (12022): Found design unit 1: fadderN-structural File: U:/CprE381/temp/cpre381-toolflow/cpre381-toolflow-configSupport/src/fadderN.vhd Line: 13
    Info (12023): Found entity 1: fadderN File: U:/CprE381/temp/cpre381-toolflow/cpre381-toolflow-configSupport/src/fadderN.vhd Line: 4
Info (12021): Found 2 design units, including 1 entities, in source file /cpre381/temp/cpre381-toolflow/cpre381-toolflow-configsupport/src/fetch_n.vhd
    Info (12022): Found design unit 1: fetch_n-structural File: U:/CprE381/temp/cpre381-toolflow/cpre381-toolflow-configSupport/src/fetch_n.vhd Line: 22
    Info (12023): Found entity 1: fetch_n File: U:/CprE381/temp/cpre381-toolflow/cpre381-toolflow-configSupport/src/fetch_n.vhd Line: 4
Info (12021): Found 2 design units, including 1 entities, in source file /cpre381/temp/cpre381-toolflow/cpre381-toolflow-configsupport/src/invg.vhd
    Info (12022): Found design unit 1: invg-dataflow File: U:/CprE381/temp/cpre381-toolflow/cpre381-toolflow-configSupport/src/invg.vhd Line: 30
    Info (12023): Found entity 1: invg File: U:/CprE381/temp/cpre381-toolflow/cpre381-toolflow-configSupport/src/invg.vhd Line: 23
Info (12021): Found 2 design units, including 1 entities, in source file /cpre381/temp/cpre381-toolflow/cpre381-toolflow-configsupport/src/invg32.vhd
    Info (12022): Found design unit 1: invg32-dataflow File: U:/CprE381/temp/cpre381-toolflow/cpre381-toolflow-configSupport/src/invg32.vhd Line: 11
    Info (12023): Found entity 1: invg32 File: U:/CprE381/temp/cpre381-toolflow/cpre381-toolflow-configSupport/src/invg32.vhd Line: 4
Info (12021): Found 2 design units, including 1 entities, in source file /cpre381/temp/cpre381-toolflow/cpre381-toolflow-configsupport/src/mem.vhd
    Info (12022): Found design unit 1: mem-rtl File: U:/CprE381/temp/cpre381-toolflow/cpre381-toolflow-configSupport/src/mem.vhd Line: 27
    Info (12023): Found entity 1: mem File: U:/CprE381/temp/cpre381-toolflow/cpre381-toolflow-configSupport/src/mem.vhd Line: 8
Info (12021): Found 2 design units, including 1 entities, in source file /cpre381/temp/cpre381-toolflow/cpre381-toolflow-configsupport/src/mux2t1.vhd
    Info (12022): Found design unit 1: mux2t1-structure File: U:/CprE381/temp/cpre381-toolflow/cpre381-toolflow-configSupport/src/mux2t1.vhd Line: 21
    Info (12023): Found entity 1: mux2t1 File: U:/CprE381/temp/cpre381-toolflow/cpre381-toolflow-configSupport/src/mux2t1.vhd Line: 12
Info (12021): Found 2 design units, including 1 entities, in source file /cpre381/temp/cpre381-toolflow/cpre381-toolflow-configsupport/src/mux2t1_5.vhd
    Info (12022): Found design unit 1: mux2t1_5-structural File: U:/CprE381/temp/cpre381-toolflow/cpre381-toolflow-configSupport/src/mux2t1_5.vhd Line: 15
    Info (12023): Found entity 1: mux2t1_5 File: U:/CprE381/temp/cpre381-toolflow/cpre381-toolflow-configSupport/src/mux2t1_5.vhd Line: 4
Info (12021): Found 2 design units, including 1 entities, in source file /cpre381/temp/cpre381-toolflow/cpre381-toolflow-configsupport/src/mux2t1_n.vhd
    Info (12022): Found design unit 1: mux2t1_N-structural File: U:/CprE381/temp/cpre381-toolflow/cpre381-toolflow-configSupport/src/mux2t1_N.vhd Line: 15
    Info (12023): Found entity 1: mux2t1_N File: U:/CprE381/temp/cpre381-toolflow/cpre381-toolflow-configSupport/src/mux2t1_N.vhd Line: 4
Info (12021): Found 2 design units, including 1 entities, in source file /cpre381/temp/cpre381-toolflow/cpre381-toolflow-configsupport/src/mux_32t1.vhd
    Info (12022): Found design unit 1: mux_32t1-strcuture File: U:/CprE381/temp/cpre381-toolflow/cpre381-toolflow-configSupport/src/mux_32t1.vhd Line: 59
    Info (12023): Found entity 1: mux_32t1 File: U:/CprE381/temp/cpre381-toolflow/cpre381-toolflow-configSupport/src/mux_32t1.vhd Line: 18
Info (12021): Found 2 design units, including 1 entities, in source file /cpre381/temp/cpre381-toolflow/cpre381-toolflow-configsupport/src/onecomp.vhd
    Info (12022): Found design unit 1: onecomp-structural File: U:/CprE381/temp/cpre381-toolflow/cpre381-toolflow-configSupport/src/onecomp.vhd Line: 12
    Info (12023): Found entity 1: onecomp File: U:/CprE381/temp/cpre381-toolflow/cpre381-toolflow-configSupport/src/onecomp.vhd Line: 5
Info (12021): Found 2 design units, including 1 entities, in source file /cpre381/temp/cpre381-toolflow/cpre381-toolflow-configsupport/src/org2.vhd
    Info (12022): Found design unit 1: org2-dataflow File: U:/CprE381/temp/cpre381-toolflow/cpre381-toolflow-configSupport/src/org2.vhd Line: 31
    Info (12023): Found entity 1: org2 File: U:/CprE381/temp/cpre381-toolflow/cpre381-toolflow-configSupport/src/org2.vhd Line: 23
Info (12021): Found 2 design units, including 1 entities, in source file /cpre381/temp/cpre381-toolflow/cpre381-toolflow-configsupport/src/org32.vhd
    Info (12022): Found design unit 1: org32-dataflow File: U:/CprE381/temp/cpre381-toolflow/cpre381-toolflow-configSupport/src/org32.vhd Line: 13
    Info (12023): Found entity 1: org32 File: U:/CprE381/temp/cpre381-toolflow/cpre381-toolflow-configSupport/src/org32.vhd Line: 5
Info (12021): Found 2 design units, including 1 entities, in source file /cpre381/temp/cpre381-toolflow/cpre381-toolflow-configsupport/src/overflow.vhd
    Info (12022): Found design unit 1: overflow-behavior File: U:/CprE381/temp/cpre381-toolflow/cpre381-toolflow-configSupport/src/overflow.vhd Line: 13
    Info (12023): Found entity 1: overflow File: U:/CprE381/temp/cpre381-toolflow/cpre381-toolflow-configSupport/src/overflow.vhd Line: 4
Info (12021): Found 2 design units, including 1 entities, in source file /cpre381/temp/cpre381-toolflow/cpre381-toolflow-configsupport/src/pcreg.vhd
    Info (12022): Found design unit 1: pcReg-mixed File: U:/CprE381/temp/cpre381-toolflow/cpre381-toolflow-configSupport/src/pcReg.vhd Line: 14
    Info (12023): Found entity 1: pcReg File: U:/CprE381/temp/cpre381-toolflow/cpre381-toolflow-configSupport/src/pcReg.vhd Line: 4
Info (12021): Found 2 design units, including 1 entities, in source file /cpre381/temp/cpre381-toolflow/cpre381-toolflow-configsupport/src/reg.vhd
    Info (12022): Found design unit 1: reg-arch File: U:/CprE381/temp/cpre381-toolflow/cpre381-toolflow-configSupport/src/reg.vhd Line: 27
    Info (12023): Found entity 1: reg File: U:/CprE381/temp/cpre381-toolflow/cpre381-toolflow-configSupport/src/reg.vhd Line: 18
Info (12021): Found 2 design units, including 1 entities, in source file /cpre381/temp/cpre381-toolflow/cpre381-toolflow-configsupport/src/reg_file.vhd
    Info (12022): Found design unit 1: reg_file-arch File: U:/CprE381/temp/cpre381-toolflow/cpre381-toolflow-configSupport/src/reg_file.vhd Line: 31
    Info (12023): Found entity 1: reg_file File: U:/CprE381/temp/cpre381-toolflow/cpre381-toolflow-configSupport/src/reg_file.vhd Line: 18
Info (12021): Found 2 design units, including 1 entities, in source file /cpre381/temp/cpre381-toolflow/cpre381-toolflow-configsupport/src/registern.vhd
    Info (12022): Found design unit 1: registerN-structural File: U:/CprE381/temp/cpre381-toolflow/cpre381-toolflow-configSupport/src/registerN.vhd Line: 11
    Info (12023): Found entity 1: registerN File: U:/CprE381/temp/cpre381-toolflow/cpre381-toolflow-configSupport/src/registerN.vhd Line: 4
Info (12021): Found 2 design units, including 1 entities, in source file /cpre381/temp/cpre381-toolflow/cpre381-toolflow-configsupport/src/shifter.vhd
    Info (12022): Found design unit 1: shifter-arch File: U:/CprE381/temp/cpre381-toolflow/cpre381-toolflow-configSupport/src/shifter.vhd Line: 30
    Info (12023): Found entity 1: shifter File: U:/CprE381/temp/cpre381-toolflow/cpre381-toolflow-configSupport/src/shifter.vhd Line: 20
Info (12021): Found 2 design units, including 1 entities, in source file /cpre381/temp/cpre381-toolflow/cpre381-toolflow-configsupport/src/shiftleft.vhd
    Info (12022): Found design unit 1: shiftleft-shiftleft File: U:/CprE381/temp/cpre381-toolflow/cpre381-toolflow-configSupport/src/shiftleft.vhd Line: 11
    Info (12023): Found entity 1: shiftleft File: U:/CprE381/temp/cpre381-toolflow/cpre381-toolflow-configSupport/src/shiftleft.vhd Line: 5
Info (12021): Found 2 design units, including 1 entities, in source file /cpre381/temp/cpre381-toolflow/cpre381-toolflow-configsupport/src/signext.vhd
    Info (12022): Found design unit 1: signEXT-behavior File: U:/CprE381/temp/cpre381-toolflow/cpre381-toolflow-configSupport/src/signEXT.vhd Line: 14
    Info (12023): Found entity 1: signEXT File: U:/CprE381/temp/cpre381-toolflow/cpre381-toolflow-configSupport/src/signEXT.vhd Line: 5
Info (12021): Found 2 design units, including 1 entities, in source file /cpre381/temp/cpre381-toolflow/cpre381-toolflow-configsupport/src/slt.vhd
    Info (12022): Found design unit 1: slt-behavior File: U:/CprE381/temp/cpre381-toolflow/cpre381-toolflow-configSupport/src/slt.vhd Line: 14
    Info (12023): Found entity 1: slt File: U:/CprE381/temp/cpre381-toolflow/cpre381-toolflow-configSupport/src/slt.vhd Line: 4
Info (12021): Found 2 design units, including 1 entities, in source file /cpre381/temp/cpre381-toolflow/cpre381-toolflow-configsupport/src/xorg2.vhd
    Info (12022): Found design unit 1: xorg2-dataflow File: U:/CprE381/temp/cpre381-toolflow/cpre381-toolflow-configSupport/src/xorg2.vhd Line: 31
    Info (12023): Found entity 1: xorg2 File: U:/CprE381/temp/cpre381-toolflow/cpre381-toolflow-configSupport/src/xorg2.vhd Line: 23
Info (12021): Found 2 design units, including 1 entities, in source file /cpre381/temp/cpre381-toolflow/cpre381-toolflow-configsupport/src/xorg32.vhd
    Info (12022): Found design unit 1: xorg32-dataflow File: U:/CprE381/temp/cpre381-toolflow/cpre381-toolflow-configSupport/src/xorg32.vhd Line: 14
    Info (12023): Found entity 1: xorg32 File: U:/CprE381/temp/cpre381-toolflow/cpre381-toolflow-configSupport/src/xorg32.vhd Line: 6
Info (12127): Elaborating entity "MIPS_Processor" for the top level hierarchy
Warning (10036): Verilog HDL or VHDL warning at MIPS_Processor.vhd(52): object "s_Halt" assigned a value but never read File: U:/CprE381/temp/cpre381-toolflow/cpre381-toolflow-configSupport/src/MIPS_Processor.vhd Line: 52
Warning (10036): Verilog HDL or VHDL warning at MIPS_Processor.vhd(55): object "s_Ovfl" assigned a value but never read File: U:/CprE381/temp/cpre381-toolflow/cpre381-toolflow-configSupport/src/MIPS_Processor.vhd Line: 55
Warning (10540): VHDL Signal Declaration warning at MIPS_Processor.vhd(69): used explicit default value for signal "s_HIGH" because signal was never assigned a value File: U:/CprE381/temp/cpre381-toolflow/cpre381-toolflow-configSupport/src/MIPS_Processor.vhd Line: 69
Info (12128): Elaborating entity "mem" for hierarchy "mem:IMem" File: U:/CprE381/temp/cpre381-toolflow/cpre381-toolflow-configSupport/src/MIPS_Processor.vhd Line: 204
Info (12128): Elaborating entity "fetch_n" for hierarchy "fetch_n:PC" File: U:/CprE381/temp/cpre381-toolflow/cpre381-toolflow-configSupport/src/MIPS_Processor.vhd Line: 231
Warning (10036): Verilog HDL or VHDL warning at fetch_n.vhd(93): object "s_E" assigned a value but never read File: U:/CprE381/temp/cpre381-toolflow/cpre381-toolflow-configSupport/src/fetch_n.vhd Line: 93
Info (12128): Elaborating entity "pcReg" for hierarchy "fetch_n:PC|pcReg:g_Reg1" File: U:/CprE381/temp/cpre381-toolflow/cpre381-toolflow-configSupport/src/fetch_n.vhd Line: 104
Info (12128): Elaborating entity "addC" for hierarchy "fetch_n:PC|addC:g_Add1" File: U:/CprE381/temp/cpre381-toolflow/cpre381-toolflow-configSupport/src/fetch_n.vhd Line: 111
Info (12128): Elaborating entity "fadderN" for hierarchy "fetch_n:PC|fadderN:g_Add2" File: U:/CprE381/temp/cpre381-toolflow/cpre381-toolflow-configSupport/src/fetch_n.vhd Line: 127
Info (12128): Elaborating entity "fadder" for hierarchy "fetch_n:PC|fadderN:g_Add2|fadder:\G_Nbit_fadder:0:IF1:fadderi" File: U:/CprE381/temp/cpre381-toolflow/cpre381-toolflow-configSupport/src/fadderN.vhd Line: 30
Info (12128): Elaborating entity "xorg2" for hierarchy "fetch_n:PC|fadderN:g_Add2|fadder:\G_Nbit_fadder:0:IF1:fadderi|xorg2:g_xorg1" File: U:/CprE381/temp/cpre381-toolflow/cpre381-toolflow-configSupport/src/fadder.vhd Line: 49
Info (12128): Elaborating entity "andg2" for hierarchy "fetch_n:PC|fadderN:g_Add2|fadder:\G_Nbit_fadder:0:IF1:fadderi|andg2:g_and1" File: U:/CprE381/temp/cpre381-toolflow/cpre381-toolflow-configSupport/src/fadder.vhd Line: 57
Info (12128): Elaborating entity "org2" for hierarchy "fetch_n:PC|fadderN:g_Add2|fadder:\G_Nbit_fadder:0:IF1:fadderi|org2:g_org2" File: U:/CprE381/temp/cpre381-toolflow/cpre381-toolflow-configSupport/src/fadder.vhd Line: 66
Info (12128): Elaborating entity "mux2t1_N" for hierarchy "fetch_n:PC|mux2t1_N:g_Mux1" File: U:/CprE381/temp/cpre381-toolflow/cpre381-toolflow-configSupport/src/fetch_n.vhd Line: 141
Info (12128): Elaborating entity "mux2t1" for hierarchy "fetch_n:PC|mux2t1_N:g_Mux1|mux2t1:\G_NBit_MUX:0:MUXI" File: U:/CprE381/temp/cpre381-toolflow/cpre381-toolflow-configSupport/src/mux2t1_N.vhd Line: 30
Info (12128): Elaborating entity "invg" for hierarchy "fetch_n:PC|mux2t1_N:g_Mux1|mux2t1:\G_NBit_MUX:0:MUXI|invg:g_Inv1" File: U:/CprE381/temp/cpre381-toolflow/cpre381-toolflow-configSupport/src/mux2t1.vhd Line: 60
Info (12128): Elaborating entity "ctrl_main" for hierarchy "ctrl_main:CTRL" File: U:/CprE381/temp/cpre381-toolflow/cpre381-toolflow-configSupport/src/MIPS_Processor.vhd Line: 246
Info (12128): Elaborating entity "mux2t1_5" for hierarchy "mux2t1_5:WRmux1" File: U:/CprE381/temp/cpre381-toolflow/cpre381-toolflow-configSupport/src/MIPS_Processor.vhd Line: 261
Info (12128): Elaborating entity "reg_file" for hierarchy "reg_file:REGfile" File: U:/CprE381/temp/cpre381-toolflow/cpre381-toolflow-configSupport/src/MIPS_Processor.vhd Line: 272
Info (12128): Elaborating entity "decoder_5t32" for hierarchy "reg_file:REGfile|decoder_5t32:Decoder" File: U:/CprE381/temp/cpre381-toolflow/cpre381-toolflow-configSupport/src/reg_file.vhd Line: 174
Info (12128): Elaborating entity "reg" for hierarchy "reg_file:REGfile|reg:zero" File: U:/CprE381/temp/cpre381-toolflow/cpre381-toolflow-configSupport/src/reg_file.vhd Line: 187
Info (12128): Elaborating entity "dffg" for hierarchy "reg_file:REGfile|reg:zero|dffg:\G_NBit_reg:0:REGI" File: U:/CprE381/temp/cpre381-toolflow/cpre381-toolflow-configSupport/src/reg.vhd Line: 42
Info (12128): Elaborating entity "mux_32t1" for hierarchy "reg_file:REGfile|mux_32t1:MUX1" File: U:/CprE381/temp/cpre381-toolflow/cpre381-toolflow-configSupport/src/reg_file.vhd Line: 707
Info (12128): Elaborating entity "signEXT" for hierarchy "signEXT:SIGNex" File: U:/CprE381/temp/cpre381-toolflow/cpre381-toolflow-configSupport/src/MIPS_Processor.vhd Line: 283
Info (12128): Elaborating entity "alu_control" for hierarchy "alu_control:ALUctrl" File: U:/CprE381/temp/cpre381-toolflow/cpre381-toolflow-configSupport/src/MIPS_Processor.vhd Line: 289
Info (12128): Elaborating entity "ALU_main" for hierarchy "ALU_main:ALU1" File: U:/CprE381/temp/cpre381-toolflow/cpre381-toolflow-configSupport/src/MIPS_Processor.vhd Line: 301
Warning (10541): VHDL Signal Declaration warning at alu_main.vhd(13): used implicit default value for signal "Overflow" because signal was never assigned a value or an explicit default value. Use of implicit default value may introduce unintended design optimizations. File: U:/CprE381/temp/cpre381-toolflow/cpre381-toolflow-configSupport/src/alu_main.vhd Line: 13
Warning (10036): Verilog HDL or VHDL warning at alu_main.vhd(114): object "s_carry" assigned a value but never read File: U:/CprE381/temp/cpre381-toolflow/cpre381-toolflow-configSupport/src/alu_main.vhd Line: 114
Info (12128): Elaborating entity "invg32" for hierarchy "ALU_main:ALU1|invg32:g_Asel" File: U:/CprE381/temp/cpre381-toolflow/cpre381-toolflow-configSupport/src/alu_main.vhd Line: 121
Info (12128): Elaborating entity "shifter" for hierarchy "ALU_main:ALU1|shifter:g_Shifter" File: U:/CprE381/temp/cpre381-toolflow/cpre381-toolflow-configSupport/src/alu_main.vhd Line: 140
Info (12128): Elaborating entity "AddSub" for hierarchy "ALU_main:ALU1|AddSub:g_AddSub" File: U:/CprE381/temp/cpre381-toolflow/cpre381-toolflow-configSupport/src/alu_main.vhd Line: 147
Info (12128): Elaborating entity "onecomp" for hierarchy "ALU_main:ALU1|AddSub:g_AddSub|onecomp:invert" File: U:/CprE381/temp/cpre381-toolflow/cpre381-toolflow-configSupport/src/addsub.vhd Line: 47
Info (12128): Elaborating entity "org32" for hierarchy "ALU_main:ALU1|org32:g_OR" File: U:/CprE381/temp/cpre381-toolflow/cpre381-toolflow-configSupport/src/alu_main.vhd Line: 154
Info (12128): Elaborating entity "andg32" for hierarchy "ALU_main:ALU1|andg32:g_AND" File: U:/CprE381/temp/cpre381-toolflow/cpre381-toolflow-configSupport/src/alu_main.vhd Line: 160
Info (12128): Elaborating entity "slt" for hierarchy "ALU_main:ALU1|slt:g_SLT" File: U:/CprE381/temp/cpre381-toolflow/cpre381-toolflow-configSupport/src/alu_main.vhd Line: 165
Info (12128): Elaborating entity "xorg32" for hierarchy "ALU_main:ALU1|xorg32:g_XOR" File: U:/CprE381/temp/cpre381-toolflow/cpre381-toolflow-configSupport/src/alu_main.vhd Line: 171
Info (12128): Elaborating entity "aluMux" for hierarchy "ALU_main:ALU1|aluMux:g_MUX" File: U:/CprE381/temp/cpre381-toolflow/cpre381-toolflow-configSupport/src/alu_main.vhd Line: 181
Info (276014): Found 3 instances of uninferred RAM logic
    Info (276007): RAM logic "mem:IMem|ram" is uninferred due to asynchronous read logic File: U:/CprE381/temp/cpre381-toolflow/cpre381-toolflow-configSupport/src/mem.vhd Line: 35
    Info (276007): RAM logic "mem:DMem|ram" is uninferred due to asynchronous read logic File: U:/CprE381/temp/cpre381-toolflow/cpre381-toolflow-configSupport/src/mem.vhd Line: 35
    Info (276007): RAM logic "reg_file:REGfile|decoder_5t32:Decoder|Ram0" is uninferred due to asynchronous read logic File: U:/CprE381/temp/cpre381-toolflow/cpre381-toolflow-configSupport/src/decoder_5t32.vhd Line: 29
Warning (276002): Cannot convert all sets of registers into RAM megafunctions when creating nodes; therefore, the resulting number of registers remaining in design can cause longer compilation time or result in insufficient memory to complete Analysis and Synthesis
Info (13000): Registers with preset signals will power-up high File: U:/CprE381/temp/cpre381-toolflow/cpre381-toolflow-configSupport/src/pcReg.vhd Line: 34
Info (13003): DEV_CLRn pin will set, and not reset, register with preset signal due to NOT Gate Push-Back
Info (286030): Timing-Driven Synthesis is running
Info (16010): Generating hard_block partition "hard_block:auto_generated_inst"
    Info (16011): Adding 0 node(s), including 0 DDIO, 0 PLL, 0 transceiver and 0 LCELL
Warning (21074): Design contains 22 input pin(s) that do not drive logic
    Warning (15610): No output dependent on input pin "iInstAddr[0]" File: U:/CprE381/temp/cpre381-toolflow/cpre381-toolflow-configSupport/src/MIPS_Processor.vhd Line: 26
    Warning (15610): No output dependent on input pin "iInstAddr[1]" File: U:/CprE381/temp/cpre381-toolflow/cpre381-toolflow-configSupport/src/MIPS_Processor.vhd Line: 26
    Warning (15610): No output dependent on input pin "iInstAddr[12]" File: U:/CprE381/temp/cpre381-toolflow/cpre381-toolflow-configSupport/src/MIPS_Processor.vhd Line: 26
    Warning (15610): No output dependent on input pin "iInstAddr[13]" File: U:/CprE381/temp/cpre381-toolflow/cpre381-toolflow-configSupport/src/MIPS_Processor.vhd Line: 26
    Warning (15610): No output dependent on input pin "iInstAddr[14]" File: U:/CprE381/temp/cpre381-toolflow/cpre381-toolflow-configSupport/src/MIPS_Processor.vhd Line: 26
    Warning (15610): No output dependent on input pin "iInstAddr[15]" File: U:/CprE381/temp/cpre381-toolflow/cpre381-toolflow-configSupport/src/MIPS_Processor.vhd Line: 26
    Warning (15610): No output dependent on input pin "iInstAddr[16]" File: U:/CprE381/temp/cpre381-toolflow/cpre381-toolflow-configSupport/src/MIPS_Processor.vhd Line: 26
    Warning (15610): No output dependent on input pin "iInstAddr[17]" File: U:/CprE381/temp/cpre381-toolflow/cpre381-toolflow-configSupport/src/MIPS_Processor.vhd Line: 26
    Warning (15610): No output dependent on input pin "iInstAddr[18]" File: U:/CprE381/temp/cpre381-toolflow/cpre381-toolflow-configSupport/src/MIPS_Processor.vhd Line: 26
    Warning (15610): No output dependent on input pin "iInstAddr[19]" File: U:/CprE381/temp/cpre381-toolflow/cpre381-toolflow-configSupport/src/MIPS_Processor.vhd Line: 26
    Warning (15610): No output dependent on input pin "iInstAddr[20]" File: U:/CprE381/temp/cpre381-toolflow/cpre381-toolflow-configSupport/src/MIPS_Processor.vhd Line: 26
    Warning (15610): No output dependent on input pin "iInstAddr[21]" File: U:/CprE381/temp/cpre381-toolflow/cpre381-toolflow-configSupport/src/MIPS_Processor.vhd Line: 26
    Warning (15610): No output dependent on input pin "iInstAddr[22]" File: U:/CprE381/temp/cpre381-toolflow/cpre381-toolflow-configSupport/src/MIPS_Processor.vhd Line: 26
    Warning (15610): No output dependent on input pin "iInstAddr[23]" File: U:/CprE381/temp/cpre381-toolflow/cpre381-toolflow-configSupport/src/MIPS_Processor.vhd Line: 26
    Warning (15610): No output dependent on input pin "iInstAddr[24]" File: U:/CprE381/temp/cpre381-toolflow/cpre381-toolflow-configSupport/src/MIPS_Processor.vhd Line: 26
    Warning (15610): No output dependent on input pin "iInstAddr[25]" File: U:/CprE381/temp/cpre381-toolflow/cpre381-toolflow-configSupport/src/MIPS_Processor.vhd Line: 26
    Warning (15610): No output dependent on input pin "iInstAddr[26]" File: U:/CprE381/temp/cpre381-toolflow/cpre381-toolflow-configSupport/src/MIPS_Processor.vhd Line: 26
    Warning (15610): No output dependent on input pin "iInstAddr[27]" File: U:/CprE381/temp/cpre381-toolflow/cpre381-toolflow-configSupport/src/MIPS_Processor.vhd Line: 26
    Warning (15610): No output dependent on input pin "iInstAddr[28]" File: U:/CprE381/temp/cpre381-toolflow/cpre381-toolflow-configSupport/src/MIPS_Processor.vhd Line: 26
    Warning (15610): No output dependent on input pin "iInstAddr[29]" File: U:/CprE381/temp/cpre381-toolflow/cpre381-toolflow-configSupport/src/MIPS_Processor.vhd Line: 26
    Warning (15610): No output dependent on input pin "iInstAddr[30]" File: U:/CprE381/temp/cpre381-toolflow/cpre381-toolflow-configSupport/src/MIPS_Processor.vhd Line: 26
    Warning (15610): No output dependent on input pin "iInstAddr[31]" File: U:/CprE381/temp/cpre381-toolflow/cpre381-toolflow-configSupport/src/MIPS_Processor.vhd Line: 26
Info (21057): Implemented 114858 device resources after synthesis - the final resource count might be different
    Info (21058): Implemented 67 input pins
    Info (21059): Implemented 32 output pins
    Info (21061): Implemented 114759 logic cells
Info: Quartus Prime Analysis & Synthesis was successful. 0 errors, 31 warnings
    Info: Peak virtual memory: 5307 megabytes
    Info: Processing ended: Wed Apr 21 11:15:09 2021
    Info: Elapsed time: 00:04:38
    Info: Total CPU time (on all processors): 00:04:25
Info (125069): Default assignment values were changed in the current version of the Quartus Prime software -- changes to default assignments values are contained in file c:/intelfpga/20.1/quartus/bin64/assignment_defaults.qdf
Info: *******************************************************************
Info: Running Quartus Prime Fitter
    Info: Version 20.1.0 Build 711 06/05/2020 SJ Standard Edition
    Info: Copyright (C) 2020  Intel Corporation. All rights reserved.
    Info: Your use of Intel Corporation's design tools, logic functions 
    Info: and other software and tools, and any partner logic 
    Info: functions, and any output files from any of the foregoing 
    Info: (including device programming or simulation files), and any 
    Info: associated documentation or information are expressly subject 
    Info: to the terms and conditions of the Intel Program License 
    Info: Subscription Agreement, the Intel Quartus Prime License Agreement,
    Info: the Intel FPGA IP License Agreement, or other applicable license
    Info: agreement, including, without limitation, that your use is for
    Info: the sole purpose of programming logic devices manufactured by
    Info: Intel and sold by Intel or its authorized distributors.  Please
    Info: refer to the applicable agreement for further details, at
    Info: https://fpgasoftware.intel.com/eula.
    Info: Processing started: Wed Apr 21 11:15:11 2021
Info: Command: quartus_fit --read_settings_files=on --write_settings_files=off toolflow -c toolflow
Info: qfit2_default_script.tcl version: #1
Info: Project  = toolflow
Info: Revision = toolflow
Warning (18236): Number of processors has not been specified which may cause overloading on shared machines.  Set the global assignment NUM_PARALLEL_PROCESSORS in your QSF to an appropriate value for best performance.
Info (20030): Parallel compilation is enabled and will use 4 of the 4 processors detected
Info (119006): Selected device EP4CE115F29C7 for design "toolflow"
Info (21076): High junction temperature operating condition is not set. Assuming a default value of '85'.
Info (21076): Low junction temperature operating condition is not set. Assuming a default value of '0'.
Info (171003): Fitter is performing an Auto Fit compilation, which may decrease Fitter effort to reduce compilation time
Info (176444): Device migration not selected. If you intend to use device migration later, you may need to change the pin assignments as they may be incompatible with other devices
    Info (176445): Device EP4CE40F29C7 is compatible
    Info (176445): Device EP4CE40F29I7 is compatible
    Info (176445): Device EP4CE30F29C7 is compatible
    Info (176445): Device EP4CE30F29I7 is compatible
    Info (176445): Device EP4CE55F29C7 is compatible
    Info (176445): Device EP4CE55F29I7 is compatible
    Info (176445): Device EP4CE75F29C7 is compatible
    Info (176445): Device EP4CE75F29I7 is compatible
    Info (176445): Device EP4CE115F29I7 is compatible
Info (169124): Fitter converted 5 user pins into dedicated programming pins
    Info (169125): Pin ~ALTERA_ASDO_DATA1~ is reserved at location F4
    Info (169125): Pin ~ALTERA_FLASH_nCE_nCSO~ is reserved at location E2
    Info (169125): Pin ~ALTERA_DCLK~ is reserved at location P3
    Info (169125): Pin ~ALTERA_DATA0~ is reserved at location N7
    Info (169125): Pin ~ALTERA_nCEO~ is reserved at location P28
Warning (15714): Some pins have incomplete I/O assignments. Refer to the I/O Assignment Warnings report for details
Critical Warning (169085): No exact pin location assignment(s) for 99 pins of 99 total pins. For the list of pins please refer to the I/O Assignment Warnings table in the fitter report.
Info (332104): Reading SDC File: 'toolflow.sdc'
Info (332129): Detected timing requirements -- optimizing circuit to achieve only the specified requirements
Info (332111): Found 1 clocks
    Info (332111):   Period   Clock Name
    Info (332111): ======== ============
    Info (332111):   20.000         iCLK
Info (176353): Automatically promoted node iCLK~input (placed in PIN J1 (CLK1, DIFFCLK_0n)) File: U:/CprE381/temp/cpre381-toolflow/cpre381-toolflow-configSupport/src/MIPS_Processor.vhd Line: 23
    Info (176355): Automatically promoted destinations to use location or clock signal Global Clock CLKCTRL_G2
Info (176353): Automatically promoted node iRST~input (placed in PIN Y2 (CLK2, DIFFCLK_1p)) File: U:/CprE381/temp/cpre381-toolflow/cpre381-toolflow-configSupport/src/MIPS_Processor.vhd Line: 24
    Info (176355): Automatically promoted destinations to use location or clock signal Global Clock CLKCTRL_G4
Info (176233): Starting register packing
Info (176235): Finished register packing
    Extra Info (176219): No registers were packed into other blocks
Info (176214): Statistics of I/O pins that need to be placed that use the same VCCIO and VREF, before I/O pin placement
    Info (176211): Number of I/O pins in group: 97 (unused VREF, 2.5V VCCIO, 65 input, 32 output, 0 bidirectional)
        Info (176212): I/O standards used: 2.5 V.
Info (176215): I/O bank details before I/O pin placement
    Info (176214): Statistics of I/O banks
        Info (176213): I/O bank number 1 does not use VREF pins and has undetermined VCCIO pins. 5 total pin(s) used --  51 pins available
        Info (176213): I/O bank number 2 does not use VREF pins and has undetermined VCCIO pins. 1 total pin(s) used --  62 pins available
        Info (176213): I/O bank number 3 does not use VREF pins and has undetermined VCCIO pins. 0 total pin(s) used --  73 pins available
        Info (176213): I/O bank number 4 does not use VREF pins and has undetermined VCCIO pins. 0 total pin(s) used --  71 pins available
        Info (176213): I/O bank number 5 does not use VREF pins and has undetermined VCCIO pins. 0 total pin(s) used --  65 pins available
        Info (176213): I/O bank number 6 does not use VREF pins and has undetermined VCCIO pins. 1 total pin(s) used --  57 pins available
        Info (176213): I/O bank number 7 does not use VREF pins and has undetermined VCCIO pins. 0 total pin(s) used --  72 pins available
        Info (176213): I/O bank number 8 does not use VREF pins and has undetermined VCCIO pins. 0 total pin(s) used --  71 pins available
Info (171121): Fitter preparation operations ending: elapsed time is 00:01:07
Info (14896): Fitter has disabled Advanced Physical Optimization because it is not supported for the current family.
Info (170189): Fitter placement preparation operations beginning
Info (170190): Fitter placement preparation operations ending: elapsed time is 00:00:27
Info (170191): Fitter placement operations beginning
Info (170137): Fitter placement was successful
Info (170192): Fitter placement operations ending: elapsed time is 00:04:19
Info (170193): Fitter routing operations beginning
Info (170195): Router estimated average interconnect usage is 35% of the available device resources
    Info (170196): Router estimated peak interconnect usage is 65% of the available device resources in the region that extends from location X69_Y24 to location X80_Y36
Info (170199): The Fitter performed an Auto Fit compilation.  Optimizations were skipped to reduce compilation time.
    Info (170201): Optimizations that may affect the design's routability were skipped
Info (170194): Fitter routing operations ending: elapsed time is 00:41:00
Info (11888): Total time spent on timing analysis during the Fitter is 1497.99 seconds.
Info (334003): Started post-fitting delay annotation
Info (334004): Delay annotation completed successfully
Info (334003): Started post-fitting delay annotation
Info (334004): Delay annotation completed successfully
Info (11218): Fitter post-fit operations ending: elapsed time is 00:00:23
Info (144001): Generated suppressed messages file U:/CprE381/temp/cpre381-toolflow/cpre381-toolflow-configSupport/internal/QuartusWork/output_files/toolflow.fit.smsg
Info: Quartus Prime Fitter was successful. 0 errors, 3 warnings
    Info: Peak virtual memory: 6770 megabytes
    Info: Processing ended: Wed Apr 21 12:03:28 2021
    Info: Elapsed time: 00:48:17
    Info: Total CPU time (on all processors): 00:58:59
Info: *******************************************************************
Info: Running Quartus Prime Assembler
    Info: Version 20.1.0 Build 711 06/05/2020 SJ Standard Edition
    Info: Copyright (C) 2020  Intel Corporation. All rights reserved.
    Info: Your use of Intel Corporation's design tools, logic functions 
    Info: and other software and tools, and any partner logic 
    Info: functions, and any output files from any of the foregoing 
    Info: (including device programming or simulation files), and any 
    Info: associated documentation or information are expressly subject 
    Info: to the terms and conditions of the Intel Program License 
    Info: Subscription Agreement, the Intel Quartus Prime License Agreement,
    Info: the Intel FPGA IP License Agreement, or other applicable license
    Info: agreement, including, without limitation, that your use is for
    Info: the sole purpose of programming logic devices manufactured by
    Info: Intel and sold by Intel or its authorized distributors.  Please
    Info: refer to the applicable agreement for further details, at
    Info: https://fpgasoftware.intel.com/eula.
    Info: Processing started: Wed Apr 21 12:03:46 2021
Info: Command: quartus_asm --read_settings_files=on --write_settings_files=off toolflow -c toolflow
Info (125069): Default assignment values were changed in the current version of the Quartus Prime software -- changes to default assignments values are contained in file c:/intelfpga/20.1/quartus/bin64/assignment_defaults.qdf
Warning (18236): Number of processors has not been specified which may cause overloading on shared machines.  Set the global assignment NUM_PARALLEL_PROCESSORS in your QSF to an appropriate value for best performance.
Info (115031): Writing out detailed assembly data for power analysis
Info (115030): Assembler is generating device programming files
Info: Quartus Prime Assembler was successful. 0 errors, 1 warning
    Info: Peak virtual memory: 4973 megabytes
    Info: Processing ended: Wed Apr 21 12:03:54 2021
    Info: Elapsed time: 00:00:08
    Info: Total CPU time (on all processors): 00:00:06
